<?xml version="1.0" encoding="UTF-8"?>
<!-- Generated by org.testng.reporters.JUnitXMLReporter -->
<testsuite hostname="DESKTOP-0GHR3KF" ignored="0" name="test AP Title" tests="25" failures="25" timestamp="2021-03-10T13:58:08 ICT" time="0.098" errors="0">
  <testcase name="Staff11" time="0.0" classname="com.vn.test.EmployeeTest">
    <failure type="java.lang.AssertionError" message="Lỗi: Không nhập mã vẫn hợp lệ">
      <![CDATA[java.lang.AssertionError: Lỗi: Không nhập mã vẫn hợp lệ
at com.vn.test.EmployeeTest.Staff11(EmployeeTest.java:61)
at java.util.ArrayList.forEach(Unknown Source)
... Removed 28 stack frames]]>
    </failure>
  </testcase> <!-- Staff11 -->
  <testcase name="Staff12" time="0.0" classname="com.vn.test.EmployeeTest">
    <failure type="java.lang.AssertionError" message="Lỗi: Không nhập mã vẫn hợp lệ">
      <![CDATA[java.lang.AssertionError: Lỗi: Không nhập mã vẫn hợp lệ
at com.vn.test.EmployeeTest.Staff12(EmployeeTest.java:75)
at java.util.ArrayList.forEach(Unknown Source)
... Removed 28 stack frames]]>
    </failure>
  </testcase> <!-- Staff12 -->
  <testcase name="Staff13" time="0.001" classname="com.vn.test.EmployeeTest">
    <failure type="java.lang.AssertionError" message="Lỗi: Không nhập mã vẫn hợp lệ">
      <![CDATA[java.lang.AssertionError: Lỗi: Không nhập mã vẫn hợp lệ
at com.vn.test.EmployeeTest.Staff13(EmployeeTest.java:89)
at java.util.ArrayList.forEach(Unknown Source)
... Removed 28 stack frames]]>
    </failure>
  </testcase> <!-- Staff13 -->
  <testcase name="Staff14" time="0.001" classname="com.vn.test.EmployeeTest">
    <failure type="java.lang.AssertionError" message="Lỗi: Không nhập mã vẫn hợp lệ">
      <![CDATA[java.lang.AssertionError: Lỗi: Không nhập mã vẫn hợp lệ
at com.vn.test.EmployeeTest.Staff14(EmployeeTest.java:103)
at java.util.ArrayList.forEach(Unknown Source)
... Removed 28 stack frames]]>
    </failure>
  </testcase> <!-- Staff14 -->
  <testcase name="Staff15" time="0.001" classname="com.vn.test.EmployeeTest">
    <failure type="java.lang.AssertionError" message="Lỗi: Không nhập mã vẫn hợp lệ">
      <![CDATA[java.lang.AssertionError: Lỗi: Không nhập mã vẫn hợp lệ
at com.vn.test.EmployeeTest.Staff15(EmployeeTest.java:117)
at java.util.ArrayList.forEach(Unknown Source)
... Removed 28 stack frames]]>
    </failure>
  </testcase> <!-- Staff15 -->
  <testcase name="Staff16" time="0.001" classname="com.vn.test.EmployeeTest">
    <failure type="java.lang.AssertionError" message="Lỗi: Khong nhap ma hop le">
      <![CDATA[java.lang.AssertionError: Lỗi: Khong nhap ma hop le
at com.vn.test.EmployeeTest.Staff16(EmployeeTest.java:132)
at java.util.ArrayList.forEach(Unknown Source)
... Removed 28 stack frames]]>
    </failure>
  </testcase> <!-- Staff16 -->
  <testcase name="Staff17" time="0.002" classname="com.vn.test.EmployeeTest">
    <failure type="java.lang.AssertionError" message="Lỗi: Khong nhap ma hop le">
      <![CDATA[java.lang.AssertionError: Lỗi: Khong nhap ma hop le
at com.vn.test.EmployeeTest.Staff17(EmployeeTest.java:146)
at java.util.ArrayList.forEach(Unknown Source)
... Removed 28 stack frames]]>
    </failure>
  </testcase> <!-- Staff17 -->
  <testcase name="Staff19" time="0.001" classname="com.vn.test.EmployeeTest">
    <failure type="java.lang.AssertionError" message="Lỗi: Khong nhap ma hop le">
      <![CDATA[java.lang.AssertionError: Lỗi: Khong nhap ma hop le
at com.vn.test.EmployeeTest.Staff19(EmployeeTest.java:160)
at java.util.ArrayList.forEach(Unknown Source)
... Removed 28 stack frames]]>
    </failure>
  </testcase> <!-- Staff19 -->
  <testcase name="Staff20" time="0.001" classname="com.vn.test.EmployeeTest">
    <failure type="java.lang.AssertionError" message="Lỗi: Khong nhap ma hop le">
      <![CDATA[java.lang.AssertionError: Lỗi: Khong nhap ma hop le
at com.vn.test.EmployeeTest.Staff20(EmployeeTest.java:174)
at java.util.ArrayList.forEach(Unknown Source)
... Removed 28 stack frames]]>
    </failure>
  </testcase> <!-- Staff20 -->
  <testcase name="Staff21" time="0.0" classname="com.vn.test.EmployeeTest">
    <failure type="java.lang.AssertionError" message="Lỗi: Khong nhap ma hop le">
      <![CDATA[java.lang.AssertionError: Lỗi: Khong nhap ma hop le
at com.vn.test.EmployeeTest.Staff21(EmployeeTest.java:188)
at java.util.ArrayList.forEach(Unknown Source)
... Removed 28 stack frames]]>
    </failure>
  </testcase> <!-- Staff21 -->
  <testcase name="Staff22" time="0.0" classname="com.vn.test.EmployeeTest">
    <failure type="java.lang.AssertionError" message="Lỗi: Khong nhap ma hop le">
      <![CDATA[java.lang.AssertionError: Lỗi: Khong nhap ma hop le
at com.vn.test.EmployeeTest.Staff22(EmployeeTest.java:202)
at java.util.ArrayList.forEach(Unknown Source)
... Removed 28 stack frames]]>
    </failure>
  </testcase> <!-- Staff22 -->
  <testcase name="Staff23" time="0.001" classname="com.vn.test.EmployeeTest">
    <failure type="java.lang.AssertionError" message="Lỗi: Khong nhap ma hop le">
      <![CDATA[java.lang.AssertionError: Lỗi: Khong nhap ma hop le
at com.vn.test.EmployeeTest.Staff23(EmployeeTest.java:216)
at java.util.ArrayList.forEach(Unknown Source)
... Removed 28 stack frames]]>
    </failure>
  </testcase> <!-- Staff23 -->
  <testcase name="Staff24" time="0.0" classname="com.vn.test.EmployeeTest">
    <failure type="java.lang.AssertionError" message="Lỗi: Khong nhap ma hop le">
      <![CDATA[java.lang.AssertionError: Lỗi: Khong nhap ma hop le
at com.vn.test.EmployeeTest.Staff24(EmployeeTest.java:230)
at java.util.ArrayList.forEach(Unknown Source)
... Removed 28 stack frames]]>
    </failure>
  </testcase> <!-- Staff24 -->
  <testcase name="Staff25" time="0.001" classname="com.vn.test.EmployeeTest">
    <failure type="java.lang.AssertionError" message="Lỗi: Khong nhap ma hop le">
      <![CDATA[java.lang.AssertionError: Lỗi: Khong nhap ma hop le
at com.vn.test.EmployeeTest.Staff25(EmployeeTest.java:244)
at java.util.ArrayList.forEach(Unknown Source)
... Removed 28 stack frames]]>
    </failure>
  </testcase> <!-- Staff25 -->
  <testcase name="Staff26" time="0.001" classname="com.vn.test.EmployeeTest">
    <failure type="java.lang.AssertionError" message="Lỗi: Khong nhap ma hop le">
      <![CDATA[java.lang.AssertionError: Lỗi: Khong nhap ma hop le
at com.vn.test.EmployeeTest.Staff26(EmployeeTest.java:258)
at java.util.ArrayList.forEach(Unknown Source)
... Removed 28 stack frames]]>
    </failure>
  </testcase> <!-- Staff26 -->
  <testcase name="User01" time="0.001" classname="com.vn.test.UserTest">
    <failure type="java.lang.AssertionError" message="Lỗi: Không nhập mã vẫn hợp lệ">
      <![CDATA[java.lang.AssertionError: Lỗi: Không nhập mã vẫn hợp lệ
at com.vn.test.UserTest.User01(UserTest.java:63)
at java.util.ArrayList.forEach(Unknown Source)
... Removed 28 stack frames]]>
    </failure>
  </testcase> <!-- User01 -->
  <testcase name="User02" time="0.001" classname="com.vn.test.UserTest">
    <failure type="java.lang.AssertionError" message="Lỗi: Không nhập mã vẫn hợp lệ">
      <![CDATA[java.lang.AssertionError: Lỗi: Không nhập mã vẫn hợp lệ
at com.vn.test.UserTest.User02(UserTest.java:82)
at java.util.ArrayList.forEach(Unknown Source)
... Removed 28 stack frames]]>
    </failure>
  </testcase> <!-- User02 -->
  <testcase name="User03" time="0.0" classname="com.vn.test.UserTest">
    <failure type="java.lang.AssertionError" message="Lỗi: Không nhập mã vẫn hợp lệ">
      <![CDATA[java.lang.AssertionError: Lỗi: Không nhập mã vẫn hợp lệ
at com.vn.test.UserTest.User03(UserTest.java:96)
at java.util.ArrayList.forEach(Unknown Source)
... Removed 28 stack frames]]>
    </failure>
  </testcase> <!-- User03 -->
  <testcase name="User04" time="0.0" classname="com.vn.test.UserTest">
    <failure type="java.lang.AssertionError" message="Lỗi: Không nhập mã vẫn hợp lệ">
      <![CDATA[java.lang.AssertionError: Lỗi: Không nhập mã vẫn hợp lệ
at com.vn.test.UserTest.User04(UserTest.java:111)
at java.util.ArrayList.forEach(Unknown Source)
... Removed 28 stack frames]]>
    </failure>
  </testcase> <!-- User04 -->
  <testcase name="User05" time="0.0" classname="com.vn.test.UserTest">
    <failure type="java.lang.AssertionError" message="Lỗi: Không nhập mã vẫn hợp lệ">
      <![CDATA[java.lang.AssertionError: Lỗi: Không nhập mã vẫn hợp lệ
at com.vn.test.UserTest.User05(UserTest.java:126)
at java.util.ArrayList.forEach(Unknown Source)
... Removed 28 stack frames]]>
    </failure>
  </testcase> <!-- User05 -->
  <testcase name="User06" time="0.0" classname="com.vn.test.UserTest">
    <failure type="java.lang.AssertionError" message="Lỗi : Không nhập mã hợp lệ">
      <![CDATA[java.lang.AssertionError: Lỗi : Không nhập mã hợp lệ
at com.vn.test.UserTest.User06(UserTest.java:144)
at java.util.ArrayList.forEach(Unknown Source)
... Removed 28 stack frames]]>
    </failure>
  </testcase> <!-- User06 -->
  <testcase name="User09" time="0.0" classname="com.vn.test.UserTest">
    <failure type="java.lang.AssertionError" message="Lỗi : Không nhập mã hợp lệ">
      <![CDATA[java.lang.AssertionError: Lỗi : Không nhập mã hợp lệ
at com.vn.test.UserTest.User09(UserTest.java:184)
at java.util.ArrayList.forEach(Unknown Source)
... Removed 28 stack frames]]>
    </failure>
  </testcase> <!-- User09 -->
  <testcase name="User10" time="0.0" classname="com.vn.test.UserTest">
    <failure type="java.lang.AssertionError" message="Lỗi : Không nhập mã hợp lệ">
      <![CDATA[java.lang.AssertionError: Lỗi : Không nhập mã hợp lệ
at com.vn.test.UserTest.User10(UserTest.java:196)
at java.util.ArrayList.forEach(Unknown Source)
... Removed 28 stack frames]]>
    </failure>
  </testcase> <!-- User10 -->
  <testcase name="User07" time="0.016" classname="com.vn.test.UserTest">
    <failure type="java.lang.AssertionError" message="Lỗi : Không nhập mã hợp lệ">
      <![CDATA[java.lang.AssertionError: Lỗi : Không nhập mã hợp lệ
at com.vn.test.UserTest.User07(UserTest.java:157)
at java.util.ArrayList.forEach(Unknown Source)
... Removed 28 stack frames]]>
    </failure>
  </testcase> <!-- User07 -->
  <testcase name="User08" time="0.0" classname="com.vn.test.UserTest">
    <failure type="java.lang.AssertionError" message="Lỗi : Không nhập mã hợp lệ">
      <![CDATA[java.lang.AssertionError: Lỗi : Không nhập mã hợp lệ
at com.vn.test.UserTest.User08(UserTest.java:170)
at java.util.ArrayList.forEach(Unknown Source)
... Removed 28 stack frames]]>
    </failure>
  </testcase> <!-- User08 -->
</testsuite> <!-- test AP Title -->
